# JRE version: Java(TM) SE Runtime Environment (17.0.12+8) (build 17.0.12+8-LTS-286)
# Java VM: Java HotSpot(TM) 64-Bit Server VM (17.0.12+8-LTS-286, mixed mode, emulated-client, sharing, tiered, compressed oops, compressed class ptrs, g1 gc, windows-amd64)
GC Precious Log:
 CPUs: 4 total, 4 available
 Memory: 8072M
 Large Page Support: Disabled
 NUMA Support: Disabled
 Compressed Oops: Enabled (32-bit)
 Heap Region Size: 1M
 Heap Min Capacity: 8M
 Heap Initial Capacity: 128M
 Heap Max Capacity: 2020M
 Pre-touch: Disabled
 Parallel Workers: 4
 Concurrent Workers: 1
 Concurrent Refinement Workers: 4
 Periodic GC: Disabled
Heap:
 garbage-first heap   total 131072K, used 74855K [0x0000000081c00000, 0x0000000100000000)
  region size 1024K, 1 young (1024K), 1 survivors (1024K)
 Metaspace       used 65622K, committed 66240K, reserved 1114112K
  class space    used 8942K, committed 9216K, reserved 1048576K
GC Heap History (20 events):
Event: 26.789 GC heap after
{Heap after GC invocations=19 (full 0):
 garbage-first heap   total 84992K, used 34288K [0x0000000081c00000, 0x0000000100000000)
  region size 1024K, 5 young (5120K), 5 survivors (5120K)
 Metaspace       used 59935K, committed 60416K, reserved 1114112K
  class space    used 8089K, committed 8320K, reserved 1048576K
}
Event: 27.525 GC heap before
{Heap before GC invocations=20 (full 0):
 garbage-first heap   total 84992K, used 68080K [0x0000000081c00000, 0x0000000100000000)
  region size 1024K, 38 young (38912K), 5 survivors (5120K)
 Metaspace       used 61521K, committed 62016K, reserved 1114112K
  class space    used 8412K, committed 8640K, reserved 1048576K
}
Event: 27.536 GC heap after
{Heap after GC invocations=21 (full 0):
 garbage-first heap   total 84992K, used 35961K [0x0000000081c00000, 0x0000000100000000)
  region size 1024K, 4 young (4096K), 4 survivors (4096K)
 Metaspace       used 61521K, committed 62016K, reserved 1114112K
  class space    used 8412K, committed 8640K, reserved 1048576K
}
Event: 27.832 GC heap before
{Heap before GC invocations=22 (full 0):
 garbage-first heap   total 84992K, used 68729K [0x0000000081c00000, 0x0000000100000000)
  region size 1024K, 36 young (36864K), 4 survivors (4096K)
 Metaspace       used 61721K, committed 62272K, reserved 1114112K
  class space    used 8430K, committed 8704K, reserved 1048576K
}
Event: 27.840 GC heap after
{Heap after GC invocations=23 (full 0):
 garbage-first heap   total 84992K, used 36333K [0x0000000081c00000, 0x0000000100000000)
  region size 1024K, 3 young (3072K), 3 survivors (3072K)
 Metaspace       used 61721K, committed 62272K, reserved 1114112K
  class space    used 8430K, committed 8704K, reserved 1048576K
}
Event: 28.341 GC heap before
{Heap before GC invocations=23 (full 0):
 garbage-first heap   total 84992K, used 69101K [0x0000000081c00000, 0x0000000100000000)
  region size 1024K, 35 young (35840K), 3 survivors (3072K)
 Metaspace       used 63033K, committed 63616K, reserved 1114112K
  class space    used 8608K, committed 8896K, reserved 1048576K
}
Event: 28.348 GC heap after
{Heap after GC invocations=24 (full 0):
 garbage-first heap   total 84992K, used 37655K [0x0000000081c00000, 0x0000000100000000)
  region size 1024K, 4 young (4096K), 4 survivors (4096K)
 Metaspace       used 63033K, committed 63616K, reserved 1114112K
  class space    used 8608K, committed 8896K, reserved 1048576K
}
Event: 29.082 GC heap before
{Heap before GC invocations=24 (full 0):
 garbage-first heap   total 84992K, used 69399K [0x0000000081c00000, 0x0000000100000000)
  region size 1024K, 35 young (35840K), 4 survivors (4096K)
 Metaspace       used 65511K, committed 65984K, reserved 1114112K
  class space    used 8926K, committed 9152K, reserved 1048576K
}
Event: 29.094 GC heap after
{Heap after GC invocations=25 (full 0):
 garbage-first heap   total 84992K, used 40278K [0x0000000081c00000, 0x0000000100000000)
  region size 1024K, 5 young (5120K), 5 survivors (5120K)
 Metaspace       used 65511K, committed 65984K, reserved 1114112K
  class space    used 8926K, committed 9152K, reserved 1048576K
}
Event: 29.261 GC heap before
{Heap before GC invocations=25 (full 0):
 garbage-first heap   total 84992K, used 67926K [0x0000000081c00000, 0x0000000100000000)
  region size 1024K, 32 young (32768K), 5 survivors (5120K)
 Metaspace       used 65515K, committed 65984K, reserved 1114112K
  class space    used 8926K, committed 9152K, reserved 1048576K
}
Event: 29.273 GC heap after
{Heap after GC invocations=26 (full 0):
 garbage-first heap   total 102400K, used 45486K [0x0000000081c00000, 0x0000000100000000)
  region size 1024K, 4 young (4096K), 4 survivors (4096K)
 Metaspace       used 65515K, committed 65984K, reserved 1114112K
  class space    used 8926K, committed 9152K, reserved 1048576K
}
Event: 29.564 GC heap before
{Heap before GC invocations=26 (full 0):
 garbage-first heap   total 102400K, used 81326K [0x0000000081c00000, 0x0000000100000000)
  region size 1024K, 38 young (38912K), 4 survivors (4096K)
 Metaspace       used 65622K, committed 66240K, reserved 1114112K
  class space    used 8942K, committed 9216K, reserved 1048576K
}
Event: 29.579 GC heap after
{Heap after GC invocations=27 (full 0):
 garbage-first heap   total 102400K, used 56084K [0x0000000081c00000, 0x0000000100000000)
  region size 1024K, 5 young (5120K), 5 survivors (5120K)
 Metaspace       used 65622K, committed 66240K, reserved 1114112K
  class space    used 8942K, committed 9216K, reserved 1048576K
}
Event: 29.672 GC heap before
{Heap before GC invocations=27 (full 0):
 garbage-first heap   total 102400K, used 76564K [0x0000000081c00000, 0x0000000100000000)
  region size 1024K, 26 young (26624K), 5 survivors (5120K)
 Metaspace       used 65622K, committed 66240K, reserved 1114112K
  class space    used 8942K, committed 9216K, reserved 1048576K
}
Event: 29.683 GC heap after
{Heap after GC invocations=28 (full 0):
 garbage-first heap   total 102400K, used 62002K [0x0000000081c00000, 0x0000000100000000)
  region size 1024K, 4 young (4096K), 4 survivors (4096K)
 Metaspace       used 65622K, committed 66240K, reserved 1114112K
  class space    used 8942K, committed 9216K, reserved 1048576K
}
Event: 29.831 GC heap before
{Heap before GC invocations=28 (full 0):
 garbage-first heap   total 102400K, used 81458K [0x0000000081c00000, 0x0000000100000000)
  region size 1024K, 22 young (22528K), 4 survivors (4096K)
 Metaspace       used 65622K, committed 66240K, reserved 1114112K
  class space    used 8942K, committed 9216K, reserved 1048576K
}
Event: 29.842 GC heap after
{Heap after GC invocations=29 (full 0):
 garbage-first heap   total 102400K, used 68066K [0x0000000081c00000, 0x0000000100000000)
  region size 1024K, 3 young (3072K), 3 survivors (3072K)
 Metaspace       used 65622K, committed 66240K, reserved 1114112K
  class space    used 8942K, committed 9216K, reserved 1048576K
}
Event: 30.105 GC heap before
{Heap before GC invocations=30 (full 0):
 garbage-first heap   total 122880K, used 80354K [0x0000000081c00000, 0x0000000100000000)
  region size 1024K, 16 young (16384K), 3 survivors (3072K)
 Metaspace       used 65622K, committed 66240K, reserved 1114112K
  class space    used 8942K, committed 9216K, reserved 1048576K
}
Event: 30.114 GC heap after
{Heap after GC invocations=31 (full 0):
 garbage-first heap   total 122880K, used 73266K [0x0000000081c00000, 0x0000000100000000)
  region size 1024K, 2 young (2048K), 2 survivors (2048K)
 Metaspace       used 65622K, committed 66240K, reserved 1114112K
  class space    used 8942K, committed 9216K, reserved 1048576K
}
Event: 30.129 GC heap before
{Heap before GC invocations=31 (full 0):
 garbage-first heap   total 122880K, used 78386K [0x0000000081c00000, 0x0000000100000000)
  region size 1024K, 6 young (6144K), 2 survivors (2048K)
 Metaspace       used 65622K, committed 66240K, reserved 1114112K
  class space    used 8942K, committed 9216K, reserved 1048576K
}

