# JRE version: Java(TM) SE Runtime Environment (17.0.12+8) (build 17.0.12+8-LTS-286)
# Java VM: Java HotSpot(TM) 64-Bit Server VM (17.0.12+8-LTS-286, mixed mode, emulated-client, sharing, tiered, compressed oops, compressed class ptrs, g1 gc, windows-amd64)
GC Precious Log:
 CPUs: 4 total, 4 available
 Memory: 8072M
 Large Page Support: Disabled
 NUMA Support: Disabled
 Compressed Oops: Enabled (32-bit)
 Heap Region Size: 1M
 Heap Min Capacity: 8M
 Heap Initial Capacity: 128M
 Heap Max Capacity: 2020M
 Pre-touch: Disabled
 Parallel Workers: 4
 Concurrent Workers: 1
 Concurrent Refinement Workers: 4
 Periodic GC: Disabled
Heap:
 garbage-first heap   total 75776K, used 45587K [0x0000000081c00000, 0x0000000100000000)
  region size 1024K, 3 young (3072K), 3 survivors (3072K)
 Metaspace       used 65074K, committed 65664K, reserved 1114112K
  class space    used 8873K, committed 9152K, reserved 1048576K
GC Heap History (20 events):
Event: 29.804 GC heap after
{Heap after GC invocations=19 (full 0):
 garbage-first heap   total 70656K, used 29056K [0x0000000081c00000, 0x0000000100000000)
  region size 1024K, 2 young (2048K), 2 survivors (2048K)
 Metaspace       used 51480K, committed 51968K, reserved 1114112K
  class space    used 6966K, committed 7168K, reserved 1048576K
}
Event: 31.101 GC heap before
{Heap before GC invocations=20 (full 0):
 garbage-first heap   total 70656K, used 56704K [0x0000000081c00000, 0x0000000100000000)
  region size 1024K, 29 young (29696K), 2 survivors (2048K)
 Metaspace       used 54323K, committed 54848K, reserved 1114112K
  class space    used 7409K, committed 7616K, reserved 1048576K
}
Event: 31.110 GC heap after
{Heap after GC invocations=21 (full 0):
 garbage-first heap   total 70656K, used 29861K [0x0000000081c00000, 0x0000000100000000)
  region size 1024K, 2 young (2048K), 2 survivors (2048K)
 Metaspace       used 54323K, committed 54848K, reserved 1114112K
  class space    used 7409K, committed 7616K, reserved 1048576K
}
Event: 32.406 GC heap before
{Heap before GC invocations=21 (full 0):
 garbage-first heap   total 70656K, used 57509K [0x0000000081c00000, 0x0000000100000000)
  region size 1024K, 29 young (29696K), 2 survivors (2048K)
 Metaspace       used 57894K, committed 58432K, reserved 1114112K
  class space    used 7868K, committed 8128K, reserved 1048576K
}
Event: 32.418 GC heap after
{Heap after GC invocations=22 (full 0):
 garbage-first heap   total 70656K, used 31758K [0x0000000081c00000, 0x0000000100000000)
  region size 1024K, 4 young (4096K), 4 survivors (4096K)
 Metaspace       used 57894K, committed 58432K, reserved 1114112K
  class space    used 7868K, committed 8128K, reserved 1048576K
}
Event: 33.069 GC heap before
{Heap before GC invocations=22 (full 0):
 garbage-first heap   total 70656K, used 56334K [0x0000000081c00000, 0x0000000100000000)
  region size 1024K, 29 young (29696K), 4 survivors (4096K)
 Metaspace       used 60763K, committed 61312K, reserved 1114112K
  class space    used 8269K, committed 8512K, reserved 1048576K
}
Event: 33.088 GC heap after
{Heap after GC invocations=23 (full 0):
 garbage-first heap   total 70656K, used 32652K [0x0000000081c00000, 0x0000000100000000)
  region size 1024K, 3 young (3072K), 3 survivors (3072K)
 Metaspace       used 60763K, committed 61312K, reserved 1114112K
  class space    used 8269K, committed 8512K, reserved 1048576K
}
Event: 33.525 GC heap before
{Heap before GC invocations=23 (full 0):
 garbage-first heap   total 70656K, used 57228K [0x0000000081c00000, 0x0000000100000000)
  region size 1024K, 27 young (27648K), 3 survivors (3072K)
 Metaspace       used 61024K, committed 61568K, reserved 1114112K
  class space    used 8309K, committed 8576K, reserved 1048576K
}
Event: 33.541 GC heap after
{Heap after GC invocations=24 (full 0):
 garbage-first heap   total 70656K, used 33810K [0x0000000081c00000, 0x0000000100000000)
  region size 1024K, 3 young (3072K), 3 survivors (3072K)
 Metaspace       used 61024K, committed 61568K, reserved 1114112K
  class space    used 8309K, committed 8576K, reserved 1048576K
}
Event: 34.051 GC heap before
{Heap before GC invocations=24 (full 0):
 garbage-first heap   total 70656K, used 57362K [0x0000000081c00000, 0x0000000100000000)
  region size 1024K, 26 young (26624K), 3 survivors (3072K)
 Metaspace       used 61564K, committed 62080K, reserved 1114112K
  class space    used 8384K, committed 8640K, reserved 1048576K
}
Event: 34.058 GC heap after
{Heap after GC invocations=25 (full 0):
 garbage-first heap   total 70656K, used 34411K [0x0000000081c00000, 0x0000000100000000)
  region size 1024K, 2 young (2048K), 2 survivors (2048K)
 Metaspace       used 61564K, committed 62080K, reserved 1114112K
  class space    used 8384K, committed 8640K, reserved 1048576K
}
Event: 34.880 GC heap before
{Heap before GC invocations=26 (full 0):
 garbage-first heap   total 70656K, used 57963K [0x0000000081c00000, 0x0000000100000000)
  region size 1024K, 25 young (25600K), 2 survivors (2048K)
 Metaspace       used 63024K, committed 63616K, reserved 1114112K
  class space    used 8606K, committed 8896K, reserved 1048576K
}
Event: 34.886 GC heap after
{Heap after GC invocations=27 (full 0):
 garbage-first heap   total 70656K, used 35422K [0x0000000081c00000, 0x0000000100000000)
  region size 1024K, 3 young (3072K), 3 survivors (3072K)
 Metaspace       used 63024K, committed 63616K, reserved 1114112K
  class space    used 8606K, committed 8896K, reserved 1048576K
}
Event: 35.569 GC heap before
{Heap before GC invocations=27 (full 0):
 garbage-first heap   total 70656K, used 57950K [0x0000000081c00000, 0x0000000100000000)
  region size 1024K, 25 young (25600K), 3 survivors (3072K)
 Metaspace       used 64930K, committed 65536K, reserved 1114112K
  class space    used 8862K, committed 9152K, reserved 1048576K
}
Event: 35.577 GC heap after
{Heap after GC invocations=28 (full 0):
 garbage-first heap   total 70656K, used 37074K [0x0000000081c00000, 0x0000000100000000)
  region size 1024K, 4 young (4096K), 4 survivors (4096K)
 Metaspace       used 64930K, committed 65536K, reserved 1114112K
  class space    used 8862K, committed 9152K, reserved 1048576K
}
Event: 35.836 GC heap before
{Heap before GC invocations=29 (full 0):
 garbage-first heap   total 75776K, used 57554K [0x0000000081c00000, 0x0000000100000000)
  region size 1024K, 24 young (24576K), 4 survivors (4096K)
 Metaspace       used 65074K, committed 65664K, reserved 1114112K
  class space    used 8873K, committed 9152K, reserved 1048576K
}
Event: 35.847 GC heap after
{Heap after GC invocations=30 (full 0):
 garbage-first heap   total 75776K, used 42758K [0x0000000081c00000, 0x0000000100000000)
  region size 1024K, 3 young (3072K), 3 survivors (3072K)
 Metaspace       used 65074K, committed 65664K, reserved 1114112K
  class space    used 8873K, committed 9152K, reserved 1048576K
}
Event: 35.854 GC heap before
{Heap before GC invocations=30 (full 0):
 garbage-first heap   total 75776K, used 43782K [0x0000000081c00000, 0x0000000100000000)
  region size 1024K, 4 young (4096K), 3 survivors (3072K)
 Metaspace       used 65074K, committed 65664K, reserved 1114112K
  class space    used 8873K, committed 9152K, reserved 1048576K
}
Event: 35.859 GC heap after
{Heap after GC invocations=31 (full 0):
 garbage-first heap   total 75776K, used 41962K [0x0000000081c00000, 0x0000000100000000)
  region size 1024K, 1 young (1024K), 1 survivors (1024K)
 Metaspace       used 65074K, committed 65664K, reserved 1114112K
  class space    used 8873K, committed 9152K, reserved 1048576K
}
Event: 35.973 GC heap before
{Heap before GC invocations=31 (full 0):
 garbage-first heap   total 75776K, used 56298K [0x0000000081c00000, 0x0000000100000000)
  region size 1024K, 17 young (17408K), 1 survivors (1024K)
 Metaspace       used 65074K, committed 65664K, reserved 1114112K
  class space    used 8873K, committed 9152K, reserved 1048576K
}

