# JRE version: Java(TM) SE Runtime Environment (17.0.12+8) (build 17.0.12+8-LTS-286)
# Java VM: Java HotSpot(TM) 64-Bit Server VM (17.0.12+8-LTS-286, mixed mode, emulated-client, sharing, tiered, compressed oops, compressed class ptrs, g1 gc, windows-amd64)
GC Precious Log:
 CPUs: 4 total, 4 available
 Memory: 8072M
 Large Page Support: Disabled
 NUMA Support: Disabled
 Compressed Oops: Enabled (32-bit)
 Heap Region Size: 1M
 Heap Min Capacity: 8M
 Heap Initial Capacity: 128M
 Heap Max Capacity: 2020M
 Pre-touch: Disabled
 Parallel Workers: 4
 Concurrent Workers: 1
 Concurrent Refinement Workers: 4
 Periodic GC: Disabled
Heap:
 garbage-first heap   total 131072K, used 70332K [0x0000000081c00000, 0x0000000100000000)
  region size 1024K, 2 young (2048K), 2 survivors (2048K)
 Metaspace       used 65223K, committed 65728K, reserved 1114112K
  class space    used 8901K, committed 9152K, reserved 1048576K
GC Heap History (20 events):
Event: 22.713 GC heap after
{Heap after GC invocations=17 (full 0):
 garbage-first heap   total 84992K, used 32067K [0x0000000081c00000, 0x0000000100000000)
  region size 1024K, 4 young (4096K), 4 survivors (4096K)
 Metaspace       used 58161K, committed 58688K, reserved 1114112K
  class space    used 7883K, committed 8128K, reserved 1048576K
}
Event: 23.199 GC heap before
{Heap before GC invocations=17 (full 0):
 garbage-first heap   total 84992K, used 48451K [0x0000000081c00000, 0x0000000100000000)
  region size 1024K, 22 young (22528K), 4 survivors (4096K)
 Metaspace       used 60125K, committed 60608K, reserved 1114112K
  class space    used 8134K, committed 8384K, reserved 1048576K
}
Event: 23.214 GC heap after
{Heap after GC invocations=18 (full 0):
 garbage-first heap   total 84992K, used 32813K [0x0000000081c00000, 0x0000000100000000)
  region size 1024K, 4 young (4096K), 4 survivors (4096K)
 Metaspace       used 60125K, committed 60608K, reserved 1114112K
  class space    used 8134K, committed 8384K, reserved 1048576K
}
Event: 23.814 GC heap before
{Heap before GC invocations=19 (full 0):
 garbage-first heap   total 84992K, used 67629K [0x0000000081c00000, 0x0000000100000000)
  region size 1024K, 38 young (38912K), 4 survivors (4096K)
 Metaspace       used 61088K, committed 61632K, reserved 1114112K
  class space    used 8356K, committed 8640K, reserved 1048576K
}
Event: 23.823 GC heap after
{Heap after GC invocations=20 (full 0):
 garbage-first heap   total 84992K, used 34366K [0x0000000081c00000, 0x0000000100000000)
  region size 1024K, 3 young (3072K), 3 survivors (3072K)
 Metaspace       used 61088K, committed 61632K, reserved 1114112K
  class space    used 8356K, committed 8640K, reserved 1048576K
}
Event: 24.304 GC heap before
{Heap before GC invocations=21 (full 0):
 garbage-first heap   total 84992K, used 69182K [0x0000000081c00000, 0x0000000100000000)
  region size 1024K, 37 young (37888K), 3 survivors (3072K)
 Metaspace       used 61915K, committed 62400K, reserved 1114112K
  class space    used 8469K, committed 8704K, reserved 1048576K
}
Event: 24.310 GC heap after
{Heap after GC invocations=22 (full 0):
 garbage-first heap   total 84992K, used 35279K [0x0000000081c00000, 0x0000000100000000)
  region size 1024K, 4 young (4096K), 4 survivors (4096K)
 Metaspace       used 61915K, committed 62400K, reserved 1114112K
  class space    used 8469K, committed 8704K, reserved 1048576K
}
Event: 25.205 GC heap before
{Heap before GC invocations=22 (full 0):
 garbage-first heap   total 84992K, used 69071K [0x0000000081c00000, 0x0000000100000000)
  region size 1024K, 37 young (37888K), 4 survivors (4096K)
 Metaspace       used 64971K, committed 65536K, reserved 1114112K
  class space    used 8872K, committed 9152K, reserved 1048576K
}
Event: 25.215 GC heap after
{Heap after GC invocations=23 (full 0):
 garbage-first heap   total 84992K, used 37290K [0x0000000081c00000, 0x0000000100000000)
  region size 1024K, 5 young (5120K), 5 survivors (5120K)
 Metaspace       used 64971K, committed 65536K, reserved 1114112K
  class space    used 8872K, committed 9152K, reserved 1048576K
}
Event: 25.438 GC heap before
{Heap before GC invocations=23 (full 0):
 garbage-first heap   total 84992K, used 69034K [0x0000000081c00000, 0x0000000100000000)
  region size 1024K, 36 young (36864K), 5 survivors (5120K)
 Metaspace       used 65115K, committed 65664K, reserved 1114112K
  class space    used 8885K, committed 9152K, reserved 1048576K
}
Event: 25.454 GC heap after
{Heap after GC invocations=24 (full 0):
 garbage-first heap   total 84992K, used 43476K [0x0000000081c00000, 0x0000000100000000)
  region size 1024K, 5 young (5120K), 5 survivors (5120K)
 Metaspace       used 65115K, committed 65664K, reserved 1114112K
  class space    used 8885K, committed 9152K, reserved 1048576K
}
Event: 25.473 GC heap before
{Heap before GC invocations=24 (full 0):
 garbage-first heap   total 84992K, used 46548K [0x0000000081c00000, 0x0000000100000000)
  region size 1024K, 9 young (9216K), 5 survivors (5120K)
 Metaspace       used 65115K, committed 65664K, reserved 1114112K
  class space    used 8885K, committed 9152K, reserved 1048576K
}
Event: 25.481 GC heap after
{Heap after GC invocations=25 (full 0):
 garbage-first heap   total 104448K, used 45020K [0x0000000081c00000, 0x0000000100000000)
  region size 1024K, 2 young (2048K), 2 survivors (2048K)
 Metaspace       used 65115K, committed 65664K, reserved 1114112K
  class space    used 8885K, committed 9152K, reserved 1048576K
}
Event: 25.693 GC heap before
{Heap before GC invocations=25 (full 0):
 garbage-first heap   total 104448K, used 77788K [0x0000000081c00000, 0x0000000100000000)
  region size 1024K, 33 young (33792K), 2 survivors (2048K)
 Metaspace       used 65223K, committed 65728K, reserved 1114112K
  class space    used 8901K, committed 9152K, reserved 1048576K
}
Event: 25.710 GC heap after
{Heap after GC invocations=26 (full 0):
 garbage-first heap   total 104448K, used 54596K [0x0000000081c00000, 0x0000000100000000)
  region size 1024K, 5 young (5120K), 5 survivors (5120K)
 Metaspace       used 65223K, committed 65728K, reserved 1114112K
  class space    used 8901K, committed 9152K, reserved 1048576K
}
Event: 25.824 GC heap before
{Heap before GC invocations=26 (full 0):
 garbage-first heap   total 104448K, used 77124K [0x0000000081c00000, 0x0000000100000000)
  region size 1024K, 28 young (28672K), 5 survivors (5120K)
 Metaspace       used 65223K, committed 65728K, reserved 1114112K
  class space    used 8901K, committed 9152K, reserved 1048576K
}
Event: 25.835 GC heap after
{Heap after GC invocations=27 (full 0):
 garbage-first heap   total 104448K, used 59716K [0x0000000081c00000, 0x0000000100000000)
  region size 1024K, 4 young (4096K), 4 survivors (4096K)
 Metaspace       used 65223K, committed 65728K, reserved 1114112K
  class space    used 8901K, committed 9152K, reserved 1048576K
}
Event: 25.965 GC heap before
{Heap before GC invocations=27 (full 0):
 garbage-first heap   total 104448K, used 80196K [0x0000000081c00000, 0x0000000100000000)
  region size 1024K, 24 young (24576K), 4 survivors (4096K)
 Metaspace       used 65223K, committed 65728K, reserved 1114112K
  class space    used 8901K, committed 9152K, reserved 1048576K
}
Event: 25.979 GC heap after
{Heap after GC invocations=28 (full 0):
 garbage-first heap   total 104448K, used 67433K [0x0000000081c00000, 0x0000000100000000)
  region size 1024K, 3 young (3072K), 3 survivors (3072K)
 Metaspace       used 65223K, committed 65728K, reserved 1114112K
  class space    used 8901K, committed 9152K, reserved 1048576K
}
Event: 26.059 GC heap before
{Heap before GC invocations=28 (full 0):
 garbage-first heap   total 130048K, used 79721K [0x0000000081c00000, 0x0000000100000000)
  region size 1024K, 16 young (16384K), 3 survivors (3072K)
 Metaspace       used 65223K, committed 65728K, reserved 1114112K
  class space    used 8901K, committed 9152K, reserved 1048576K
}

