# JRE version: Java(TM) SE Runtime Environment (17.0.12+8) (build 17.0.12+8-LTS-286)
# Java VM: Java HotSpot(TM) 64-Bit Server VM (17.0.12+8-LTS-286, mixed mode, emulated-client, sharing, tiered, compressed oops, compressed class ptrs, g1 gc, windows-amd64)
GC Precious Log:
 CPUs: 4 total, 4 available
 Memory: 8072M
 Large Page Support: Disabled
 NUMA Support: Disabled
 Compressed Oops: Enabled (32-bit)
 Heap Region Size: 1M
 Heap Min Capacity: 8M
 Heap Initial Capacity: 128M
 Heap Max Capacity: 2020M
 Pre-touch: Disabled
 Parallel Workers: 4
 Concurrent Workers: 1
 Concurrent Refinement Workers: 4
 Periodic GC: Disabled
Heap:
 garbage-first heap   total 181248K, used 76179K [0x0000000081c00000, 0x0000000100000000)
  region size 1024K, 1 young (1024K), 1 survivors (1024K)
 Metaspace       used 67334K, committed 67840K, reserved 1114112K
  class space    used 9174K, committed 9408K, reserved 1048576K
GC Heap History (20 events):
Event: 17.300 GC heap after
{Heap after GC invocations=19 (full 0):
 garbage-first heap   total 110592K, used 34912K [0x0000000081c00000, 0x0000000100000000)
  region size 1024K, 6 young (6144K), 6 survivors (6144K)
 Metaspace       used 61747K, committed 62272K, reserved 1114112K
  class space    used 8448K, committed 8704K, reserved 1048576K
}
Event: 17.747 GC heap before
{Heap before GC invocations=20 (full 0):
 garbage-first heap   total 110592K, used 89184K [0x0000000081c00000, 0x0000000100000000)
  region size 1024K, 59 young (60416K), 6 survivors (6144K)
 Metaspace       used 62219K, committed 62784K, reserved 1114112K
  class space    used 8500K, committed 8768K, reserved 1048576K
}
Event: 17.758 GC heap after
{Heap after GC invocations=21 (full 0):
 garbage-first heap   total 110592K, used 35969K [0x0000000081c00000, 0x0000000100000000)
  region size 1024K, 6 young (6144K), 6 survivors (6144K)
 Metaspace       used 62219K, committed 62784K, reserved 1114112K
  class space    used 8500K, committed 8768K, reserved 1048576K
}
Event: 18.644 GC heap before
{Heap before GC invocations=21 (full 0):
 garbage-first heap   total 110592K, used 90241K [0x0000000081c00000, 0x0000000100000000)
  region size 1024K, 59 young (60416K), 6 survivors (6144K)
 Metaspace       used 65798K, committed 66368K, reserved 1114112K
  class space    used 8967K, committed 9216K, reserved 1048576K
}
Event: 18.660 GC heap after
{Heap after GC invocations=22 (full 0):
 garbage-first heap   total 110592K, used 42123K [0x0000000081c00000, 0x0000000100000000)
  region size 1024K, 8 young (8192K), 8 survivors (8192K)
 Metaspace       used 65798K, committed 66368K, reserved 1114112K
  class space    used 8967K, committed 9216K, reserved 1048576K
}
Event: 19.010 GC heap before
{Heap before GC invocations=22 (full 0):
 garbage-first heap   total 110592K, used 88203K [0x0000000081c00000, 0x0000000100000000)
  region size 1024K, 53 young (54272K), 8 survivors (8192K)
 Metaspace       used 65834K, committed 66368K, reserved 1114112K
  class space    used 8972K, committed 9216K, reserved 1048576K
}
Event: 19.034 GC heap after
{Heap after GC invocations=23 (full 0):
 garbage-first heap   total 110592K, used 52350K [0x0000000081c00000, 0x0000000100000000)
  region size 1024K, 7 young (7168K), 7 survivors (7168K)
 Metaspace       used 65834K, committed 66368K, reserved 1114112K
  class space    used 8972K, committed 9216K, reserved 1048576K
}
Event: 19.196 GC heap before
{Heap before GC invocations=23 (full 0):
 garbage-first heap   total 110592K, used 83070K [0x0000000081c00000, 0x0000000100000000)
  region size 1024K, 37 young (37888K), 7 survivors (7168K)
 Metaspace       used 65904K, committed 66496K, reserved 1114112K
  class space    used 8983K, committed 9280K, reserved 1048576K
}
Event: 19.209 GC heap after
{Heap after GC invocations=24 (full 0):
 garbage-first heap   total 110592K, used 59350K [0x0000000081c00000, 0x0000000100000000)
  region size 1024K, 5 young (5120K), 5 survivors (5120K)
 Metaspace       used 65904K, committed 66496K, reserved 1114112K
  class space    used 8983K, committed 9280K, reserved 1048576K
}
Event: 19.254 GC heap before
{Heap before GC invocations=24 (full 0):
 garbage-first heap   total 110592K, used 66518K [0x0000000081c00000, 0x0000000100000000)
  region size 1024K, 13 young (13312K), 5 survivors (5120K)
 Metaspace       used 65904K, committed 66496K, reserved 1114112K
  class space    used 8983K, committed 9280K, reserved 1048576K
}
Event: 19.261 GC heap after
{Heap after GC invocations=25 (full 0):
 garbage-first heap   total 163840K, used 61898K [0x0000000081c00000, 0x0000000100000000)
  region size 1024K, 2 young (2048K), 2 survivors (2048K)
 Metaspace       used 65904K, committed 66496K, reserved 1114112K
  class space    used 8983K, committed 9280K, reserved 1048576K
}
Event: 19.540 GC heap before
{Heap before GC invocations=25 (full 0):
 garbage-first heap   total 163840K, used 123338K [0x0000000081c00000, 0x0000000100000000)
  region size 1024K, 60 young (61440K), 2 survivors (2048K)
 Metaspace       used 65905K, committed 66496K, reserved 1114112K
  class space    used 8983K, committed 9280K, reserved 1048576K
}
Event: 19.556 GC heap after
{Heap after GC invocations=26 (full 0):
 garbage-first heap   total 163840K, used 77852K [0x0000000081c00000, 0x0000000100000000)
  region size 1024K, 8 young (8192K), 8 survivors (8192K)
 Metaspace       used 65905K, committed 66496K, reserved 1114112K
  class space    used 8983K, committed 9280K, reserved 1048576K
}
Event: 19.737 GC heap before
{Heap before GC invocations=26 (full 0):
 garbage-first heap   total 163840K, used 122908K [0x0000000081c00000, 0x0000000100000000)
  region size 1024K, 52 young (53248K), 8 survivors (8192K)
 Metaspace       used 65913K, committed 66496K, reserved 1114112K
  class space    used 8984K, committed 9280K, reserved 1048576K
}
Event: 19.758 GC heap after
{Heap after GC invocations=27 (full 0):
 garbage-first heap   total 163840K, used 90140K [0x0000000081c00000, 0x0000000100000000)
  region size 1024K, 7 young (7168K), 7 survivors (7168K)
 Metaspace       used 65913K, committed 66496K, reserved 1114112K
  class space    used 8984K, committed 9280K, reserved 1048576K
}
Event: 19.788 GC heap before
{Heap before GC invocations=27 (full 0):
 garbage-first heap   total 163840K, used 97308K [0x0000000081c00000, 0x0000000100000000)
  region size 1024K, 15 young (15360K), 7 survivors (7168K)
 Metaspace       used 65913K, committed 66496K, reserved 1114112K
  class space    used 8984K, committed 9280K, reserved 1048576K
}
Event: 19.797 GC heap after
{Heap after GC invocations=28 (full 0):
 garbage-first heap   total 163840K, used 93052K [0x0000000081c00000, 0x0000000100000000)
  region size 1024K, 3 young (3072K), 3 survivors (3072K)
 Metaspace       used 65913K, committed 66496K, reserved 1114112K
  class space    used 8984K, committed 9280K, reserved 1048576K
}
Event: 20.385 GC heap before
{Heap before GC invocations=29 (full 0):
 garbage-first heap   total 181248K, used 119676K [0x0000000081c00000, 0x0000000100000000)
  region size 1024K, 37 young (37888K), 3 survivors (3072K)
 Metaspace       used 67059K, committed 67648K, reserved 1114112K
  class space    used 9145K, committed 9408K, reserved 1048576K
}
Event: 20.400 GC heap after
{Heap after GC invocations=30 (full 0):
 garbage-first heap   total 181248K, used 91574K [0x0000000081c00000, 0x0000000100000000)
  region size 1024K, 5 young (5120K), 5 survivors (5120K)
 Metaspace       used 67059K, committed 67648K, reserved 1114112K
  class space    used 9145K, committed 9408K, reserved 1048576K
}
Event: 20.477 GC heap before
{Heap before GC invocations=30 (full 0):
 garbage-first heap   total 181248K, used 94646K [0x0000000081c00000, 0x0000000100000000)
  region size 1024K, 8 young (8192K), 5 survivors (5120K)
 Metaspace       used 67334K, committed 67840K, reserved 1114112K
  class space    used 9174K, committed 9408K, reserved 1048576K
}

