# JRE version: Java(TM) SE Runtime Environment (17.0.12+8) (build 17.0.12+8-LTS-286)
# Java VM: Java HotSpot(TM) 64-Bit Server VM (17.0.12+8-LTS-286, mixed mode, emulated-client, sharing, tiered, compressed oops, compressed class ptrs, g1 gc, windows-amd64)
GC Precious Log:
 CPUs: 4 total, 4 available
 Memory: 8072M
 Large Page Support: Disabled
 NUMA Support: Disabled
 Compressed Oops: Enabled (32-bit)
 Heap Region Size: 1M
 Heap Min Capacity: 8M
 Heap Initial Capacity: 128M
 Heap Max Capacity: 2020M
 Pre-touch: Disabled
 Parallel Workers: 4
 Concurrent Workers: 1
 Concurrent Refinement Workers: 4
 Periodic GC: Disabled
Heap:
 garbage-first heap   total 138240K, used 67451K [0x0000000081c00000, 0x0000000100000000)
  region size 1024K, 3 young (3072K), 3 survivors (3072K)
 Metaspace       used 65696K, committed 66240K, reserved 1114112K
  class space    used 8964K, committed 9216K, reserved 1048576K
GC Heap History (20 events):
Event: 12.663 GC heap after
{Heap after GC invocations=14 (full 0):
 garbage-first heap   total 89088K, used 27266K [0x0000000081c00000, 0x0000000100000000)
  region size 1024K, 6 young (6144K), 6 survivors (6144K)
 Metaspace       used 46073K, committed 46592K, reserved 1114112K
  class space    used 6142K, committed 6400K, reserved 1048576K
}
Event: 14.004 GC heap before
{Heap before GC invocations=14 (full 0):
 garbage-first heap   total 89088K, used 67202K [0x0000000081c00000, 0x0000000100000000)
  region size 1024K, 46 young (47104K), 6 survivors (6144K)
 Metaspace       used 51768K, committed 52288K, reserved 1114112K
  class space    used 6996K, committed 7232K, reserved 1048576K
}
Event: 14.028 GC heap after
{Heap after GC invocations=15 (full 0):
 garbage-first heap   total 89088K, used 28591K [0x0000000081c00000, 0x0000000100000000)
  region size 1024K, 5 young (5120K), 5 survivors (5120K)
 Metaspace       used 51768K, committed 52288K, reserved 1114112K
  class space    used 6996K, committed 7232K, reserved 1048576K
}
Event: 15.255 GC heap before
{Heap before GC invocations=15 (full 0):
 garbage-first heap   total 89088K, used 69551K [0x0000000081c00000, 0x0000000100000000)
  region size 1024K, 45 young (46080K), 5 survivors (5120K)
 Metaspace       used 55208K, committed 55808K, reserved 1114112K
  class space    used 7507K, committed 7808K, reserved 1048576K
}
Event: 15.268 GC heap after
{Heap after GC invocations=16 (full 0):
 garbage-first heap   total 89088K, used 30109K [0x0000000081c00000, 0x0000000100000000)
  region size 1024K, 3 young (3072K), 3 survivors (3072K)
 Metaspace       used 55208K, committed 55808K, reserved 1114112K
  class space    used 7507K, committed 7808K, reserved 1048576K
}
Event: 16.021 GC heap before
{Heap before GC invocations=16 (full 0):
 garbage-first heap   total 89088K, used 71069K [0x0000000081c00000, 0x0000000100000000)
  region size 1024K, 43 young (44032K), 3 survivors (3072K)
 Metaspace       used 59583K, committed 60160K, reserved 1114112K
  class space    used 8059K, committed 8320K, reserved 1048576K
}
Event: 16.035 GC heap after
{Heap after GC invocations=17 (full 0):
 garbage-first heap   total 107520K, used 33244K [0x0000000081c00000, 0x0000000100000000)
  region size 1024K, 6 young (6144K), 6 survivors (6144K)
 Metaspace       used 59583K, committed 60160K, reserved 1114112K
  class space    used 8059K, committed 8320K, reserved 1048576K
}
Event: 16.118 GC heap before
{Heap before GC invocations=17 (full 0):
 garbage-first heap   total 107520K, used 35292K [0x0000000081c00000, 0x0000000100000000)
  region size 1024K, 9 young (9216K), 6 survivors (6144K)
 Metaspace       used 60539K, committed 61056K, reserved 1114112K
  class space    used 8184K, committed 8448K, reserved 1048576K
}
Event: 16.132 GC heap after
{Heap after GC invocations=18 (full 0):
 garbage-first heap   total 107520K, used 32828K [0x0000000081c00000, 0x0000000100000000)
  region size 1024K, 3 young (3072K), 3 survivors (3072K)
 Metaspace       used 60539K, committed 61056K, reserved 1114112K
  class space    used 8184K, committed 8448K, reserved 1048576K
}
Event: 17.006 GC heap before
{Heap before GC invocations=19 (full 0):
 garbage-first heap   total 107520K, used 87100K [0x0000000081c00000, 0x0000000100000000)
  region size 1024K, 56 young (57344K), 3 survivors (3072K)
 Metaspace       used 61836K, committed 62400K, reserved 1114112K
  class space    used 8455K, committed 8704K, reserved 1048576K
}
Event: 17.015 GC heap after
{Heap after GC invocations=20 (full 0):
 garbage-first heap   total 107520K, used 34272K [0x0000000081c00000, 0x0000000100000000)
  region size 1024K, 5 young (5120K), 5 survivors (5120K)
 Metaspace       used 61836K, committed 62400K, reserved 1114112K
  class space    used 8455K, committed 8704K, reserved 1048576K
}
Event: 18.729 GC heap before
{Heap before GC invocations=21 (full 0):
 garbage-first heap   total 107520K, used 86496K [0x0000000081c00000, 0x0000000100000000)
  region size 1024K, 56 young (57344K), 5 survivors (5120K)
 Metaspace       used 65561K, committed 66112K, reserved 1114112K
  class space    used 8946K, committed 9216K, reserved 1048576K
}
Event: 18.743 GC heap after
{Heap after GC invocations=22 (full 0):
 garbage-first heap   total 107520K, used 37024K [0x0000000081c00000, 0x0000000100000000)
  region size 1024K, 5 young (5120K), 5 survivors (5120K)
 Metaspace       used 65561K, committed 66112K, reserved 1114112K
  class space    used 8946K, committed 9216K, reserved 1048576K
}
Event: 19.061 GC heap before
{Heap before GC invocations=22 (full 0):
 garbage-first heap   total 107520K, used 88224K [0x0000000081c00000, 0x0000000100000000)
  region size 1024K, 54 young (55296K), 5 survivors (5120K)
 Metaspace       used 65616K, committed 66176K, reserved 1114112K
  class space    used 8953K, committed 9216K, reserved 1048576K
}
Event: 19.082 GC heap after
{Heap after GC invocations=23 (full 0):
 garbage-first heap   total 107520K, used 49398K [0x0000000081c00000, 0x0000000100000000)
  region size 1024K, 7 young (7168K), 7 survivors (7168K)
 Metaspace       used 65616K, committed 66176K, reserved 1114112K
  class space    used 8953K, committed 9216K, reserved 1048576K
}
Event: 19.277 GC heap before
{Heap before GC invocations=23 (full 0):
 garbage-first heap   total 107520K, used 82166K [0x0000000081c00000, 0x0000000100000000)
  region size 1024K, 39 young (39936K), 7 survivors (7168K)
 Metaspace       used 65696K, committed 66240K, reserved 1114112K
  class space    used 8964K, committed 9216K, reserved 1048576K
}
Event: 19.293 GC heap after
{Heap after GC invocations=24 (full 0):
 garbage-first heap   total 107520K, used 56960K [0x0000000081c00000, 0x0000000100000000)
  region size 1024K, 5 young (5120K), 5 survivors (5120K)
 Metaspace       used 65696K, committed 66240K, reserved 1114112K
  class space    used 8964K, committed 9216K, reserved 1048576K
}
Event: 19.335 GC heap before
{Heap before GC invocations=24 (full 0):
 garbage-first heap   total 107520K, used 63104K [0x0000000081c00000, 0x0000000100000000)
  region size 1024K, 12 young (12288K), 5 survivors (5120K)
 Metaspace       used 65696K, committed 66240K, reserved 1114112K
  class space    used 8964K, committed 9216K, reserved 1048576K
}
Event: 19.342 GC heap after
{Heap after GC invocations=25 (full 0):
 garbage-first heap   total 107520K, used 60120K [0x0000000081c00000, 0x0000000100000000)
  region size 1024K, 2 young (2048K), 2 survivors (2048K)
 Metaspace       used 65696K, committed 66240K, reserved 1114112K
  class space    used 8964K, committed 9216K, reserved 1048576K
}
Event: 19.554 GC heap before
{Heap before GC invocations=25 (full 0):
 garbage-first heap   total 138240K, used 82648K [0x0000000081c00000, 0x0000000100000000)
  region size 1024K, 24 young (24576K), 2 survivors (2048K)
 Metaspace       used 65696K, committed 66240K, reserved 1114112K
  class space    used 8964K, committed 9216K, reserved 1048576K
}

