# JRE version: Java(TM) SE Runtime Environment (17.0.12+8) (build 17.0.12+8-LTS-286)
# Java VM: Java HotSpot(TM) 64-Bit Server VM (17.0.12+8-LTS-286, mixed mode, emulated-client, sharing, tiered, compressed oops, compressed class ptrs, g1 gc, windows-amd64)
GC Precious Log:
 CPUs: 4 total, 4 available
 Memory: 8072M
 Large Page Support: Disabled
 NUMA Support: Disabled
 Compressed Oops: Enabled (32-bit)
 Heap Region Size: 1M
 Heap Min Capacity: 8M
 Heap Initial Capacity: 128M
 Heap Max Capacity: 2020M
 Pre-touch: Disabled
 Parallel Workers: 4
 Concurrent Workers: 1
 Concurrent Refinement Workers: 4
 Periodic GC: Disabled
Heap:
 garbage-first heap   total 126976K, used 39083K [0x0000000081c00000, 0x0000000100000000)
  region size 1024K, 3 young (3072K), 3 survivors (3072K)
 Metaspace       used 64830K, committed 65344K, reserved 1114112K
  class space    used 8862K, committed 9088K, reserved 1048576K
GC Heap History (20 events):
Event: 28.931 GC heap after
{Heap after GC invocations=17 (full 0):
 garbage-first heap   total 73728K, used 31071K [0x0000000081c00000, 0x0000000100000000)
  region size 1024K, 3 young (3072K), 3 survivors (3072K)
 Metaspace       used 51358K, committed 51840K, reserved 1114112K
  class space    used 6927K, committed 7168K, reserved 1048576K
}
Event: 29.771 GC heap before
{Heap before GC invocations=17 (full 0):
 garbage-first heap   total 73728K, used 58719K [0x0000000081c00000, 0x0000000100000000)
  region size 1024K, 30 young (30720K), 3 survivors (3072K)
 Metaspace       used 52020K, committed 52544K, reserved 1114112K
  class space    used 7031K, committed 7296K, reserved 1048576K
}
Event: 29.784 GC heap after
{Heap after GC invocations=18 (full 0):
 garbage-first heap   total 73728K, used 31355K [0x0000000081c00000, 0x0000000100000000)
  region size 1024K, 2 young (2048K), 2 survivors (2048K)
 Metaspace       used 52020K, committed 52544K, reserved 1114112K
  class space    used 7031K, committed 7296K, reserved 1048576K
}
Event: 31.153 GC heap before
{Heap before GC invocations=18 (full 0):
 garbage-first heap   total 73728K, used 59003K [0x0000000081c00000, 0x0000000100000000)
  region size 1024K, 29 young (29696K), 2 survivors (2048K)
 Metaspace       used 55649K, committed 56128K, reserved 1114112K
  class space    used 7536K, committed 7808K, reserved 1048576K
}
Event: 31.166 GC heap after
{Heap after GC invocations=19 (full 0):
 garbage-first heap   total 73728K, used 32757K [0x0000000081c00000, 0x0000000100000000)
  region size 1024K, 3 young (3072K), 3 survivors (3072K)
 Metaspace       used 55649K, committed 56128K, reserved 1114112K
  class space    used 7536K, committed 7808K, reserved 1048576K
}
Event: 32.177 GC heap before
{Heap before GC invocations=19 (full 0):
 garbage-first heap   total 73728K, used 59381K [0x0000000081c00000, 0x0000000100000000)
  region size 1024K, 29 young (29696K), 3 survivors (3072K)
 Metaspace       used 59254K, committed 59712K, reserved 1114112K
  class space    used 8005K, committed 8256K, reserved 1048576K
}
Event: 32.194 GC heap after
{Heap after GC invocations=20 (full 0):
 garbage-first heap   total 73728K, used 34831K [0x0000000081c00000, 0x0000000100000000)
  region size 1024K, 4 young (4096K), 4 survivors (4096K)
 Metaspace       used 59254K, committed 59712K, reserved 1114112K
  class space    used 8005K, committed 8256K, reserved 1048576K
}
Event: 32.400 GC heap before
{Heap before GC invocations=20 (full 0):
 garbage-first heap   total 73728K, used 46095K [0x0000000081c00000, 0x0000000100000000)
  region size 1024K, 17 young (17408K), 4 survivors (4096K)
 Metaspace       used 60059K, committed 60480K, reserved 1114112K
  class space    used 8104K, committed 8320K, reserved 1048576K
}
Event: 32.414 GC heap after
{Heap after GC invocations=21 (full 0):
 garbage-first heap   total 89088K, used 35416K [0x0000000081c00000, 0x0000000100000000)
  region size 1024K, 3 young (3072K), 3 survivors (3072K)
 Metaspace       used 60059K, committed 60480K, reserved 1114112K
  class space    used 8104K, committed 8320K, reserved 1048576K
}
Event: 33.190 GC heap before
{Heap before GC invocations=22 (full 0):
 garbage-first heap   total 89088K, used 72280K [0x0000000081c00000, 0x0000000100000000)
  region size 1024K, 39 young (39936K), 3 survivors (3072K)
 Metaspace       used 61690K, committed 62208K, reserved 1114112K
  class space    used 8441K, committed 8704K, reserved 1048576K
}
Event: 33.198 GC heap after
{Heap after GC invocations=23 (full 0):
 garbage-first heap   total 89088K, used 36661K [0x0000000081c00000, 0x0000000100000000)
  region size 1024K, 4 young (4096K), 4 survivors (4096K)
 Metaspace       used 61690K, committed 62208K, reserved 1114112K
  class space    used 8441K, committed 8704K, reserved 1048576K
}
Event: 33.217 GC heap before
{Heap before GC invocations=23 (full 0):
 garbage-first heap   total 89088K, used 37685K [0x0000000081c00000, 0x0000000100000000)
  region size 1024K, 5 young (5120K), 4 survivors (4096K)
 Metaspace       used 61690K, committed 62208K, reserved 1114112K
  class space    used 8441K, committed 8704K, reserved 1048576K
}
Event: 33.225 GC heap after
{Heap after GC invocations=24 (full 0):
 garbage-first heap   total 89088K, used 36347K [0x0000000081c00000, 0x0000000100000000)
  region size 1024K, 1 young (1024K), 1 survivors (1024K)
 Metaspace       used 61690K, committed 62208K, reserved 1114112K
  class space    used 8441K, committed 8704K, reserved 1048576K
}
Event: 33.492 GC heap before
{Heap before GC invocations=24 (full 0):
 garbage-first heap   total 89088K, used 72187K [0x0000000081c00000, 0x0000000100000000)
  region size 1024K, 36 young (36864K), 1 survivors (1024K)
 Metaspace       used 61831K, committed 62336K, reserved 1114112K
  class space    used 8456K, committed 8704K, reserved 1048576K
}
Event: 33.495 GC heap after
{Heap after GC invocations=25 (full 0):
 garbage-first heap   total 89088K, used 36454K [0x0000000081c00000, 0x0000000100000000)
  region size 1024K, 1 young (1024K), 1 survivors (1024K)
 Metaspace       used 61831K, committed 62336K, reserved 1114112K
  class space    used 8456K, committed 8704K, reserved 1048576K
}
Event: 33.840 GC heap before
{Heap before GC invocations=26 (full 0):
 garbage-first heap   total 89088K, used 73318K [0x0000000081c00000, 0x0000000100000000)
  region size 1024K, 37 young (37888K), 1 survivors (1024K)
 Metaspace       used 62223K, committed 62784K, reserved 1114112K
  class space    used 8503K, committed 8768K, reserved 1048576K
}
Event: 33.844 GC heap after
{Heap after GC invocations=27 (full 0):
 garbage-first heap   total 89088K, used 37162K [0x0000000081c00000, 0x0000000100000000)
  region size 1024K, 2 young (2048K), 2 survivors (2048K)
 Metaspace       used 62223K, committed 62784K, reserved 1114112K
  class space    used 8503K, committed 8768K, reserved 1048576K
}
Event: 33.851 GC heap before
{Heap before GC invocations=27 (full 0):
 garbage-first heap   total 89088K, used 39210K [0x0000000081c00000, 0x0000000100000000)
  region size 1024K, 4 young (4096K), 2 survivors (2048K)
 Metaspace       used 62223K, committed 62784K, reserved 1114112K
  class space    used 8503K, committed 8768K, reserved 1048576K
}
Event: 33.857 GC heap after
{Heap after GC invocations=28 (full 0):
 garbage-first heap   total 89088K, used 37376K [0x0000000081c00000, 0x0000000100000000)
  region size 1024K, 1 young (1024K), 1 survivors (1024K)
 Metaspace       used 62223K, committed 62784K, reserved 1114112K
  class space    used 8503K, committed 8768K, reserved 1048576K
}
Event: 36.618 GC heap before
{Heap before GC invocations=28 (full 0):
 garbage-first heap   total 89088K, used 73216K [0x0000000081c00000, 0x0000000100000000)
  region size 1024K, 36 young (36864K), 1 survivors (1024K)
 Metaspace       used 64830K, committed 65344K, reserved 1114112K
  class space    used 8862K, committed 9088K, reserved 1048576K
}

